<?xml version="1.0" encoding="UTF-8"?>
<!-- Generated by org.testng.reporters.JUnitReportReporter -->
<testsuite skipped="0" hostname="prakharagarwl01" name="tests.HomeFunctionalityTest" tests="6" failures="0" timestamp="2021-07-05T18:06:32 IST" time="103.489" errors="0">
  <testcase name="redBusCaresFunctionality" time="21.832" classname="tests.HomeFunctionalityTest"/>
  <system-out/>
  <testcase name="checkHelpOption" time="19.887" classname="tests.HomeFunctionalityTest"/>
  <system-out/>
  <testcase name="checkCancelTicket" time="16.885" classname="tests.HomeFunctionalityTest"/>
  <system-out/>
  <testcase name="checkRescheduleTicket" time="12.373" classname="tests.HomeFunctionalityTest"/>
  <system-out/>
  <testcase name="checkShowTicket" time="17.441" classname="tests.HomeFunctionalityTest"/>
  <system-out/>
  <testcase name="checkMailSMSTicket" time="15.071" classname="tests.HomeFunctionalityTest"/>
  <system-out/>
</testsuite> <!-- tests.HomeFunctionalityTest -->
