<?xml version="1.0" encoding="UTF-8"?>
<!-- Generated by org.testng.reporters.JUnitReportReporter -->
<testsuite skipped="0" hostname="prakharagarwl01" name="tests.searchBusTicketTest" tests="4" failures="0" timestamp="2021-07-05T18:06:32 IST" time="95.371" errors="0">
  <testcase name="validSearch" time="21.964" classname="tests.searchBusTicketTest"/>
  <system-out/>
  <testcase name="invalidSearchWithIncorrectDestination" time="19.383" classname="tests.searchBusTicketTest"/>
  <system-out/>
  <testcase name="invalidSearchWithIncorrectSource" time="24.024" classname="tests.searchBusTicketTest"/>
  <system-out/>
  <testcase name="modifyTripDetails" time="30.000" classname="tests.searchBusTicketTest"/>
  <system-out/>
</testsuite> <!-- tests.searchBusTicketTest -->
