<?xml version="1.0" encoding="UTF-8"?>
<!-- Generated by org.testng.reporters.JUnitReportReporter -->
<testsuite skipped="0" hostname="prakharagarwl01" name="tests.aboutRedbusTest" tests="7" failures="0" timestamp="2021-07-05T18:06:32 IST" time="163.520" errors="0">
  <testcase name="aboutUs" time="25.234" classname="tests.aboutRedbusTest"/>
  <system-out/>
  <testcase name="contactUs" time="24.142" classname="tests.aboutRedbusTest"/>
  <system-out/>
  <testcase name="redBusMobile" time="22.644" classname="tests.aboutRedbusTest"/>
  <system-out/>
  <testcase name="siteMap" time="23.025" classname="tests.aboutRedbusTest"/>
  <system-out/>
  <testcase name="offers" time="21.847" classname="tests.aboutRedbusTest"/>
  <system-out/>
  <testcase name="careers" time="23.949" classname="tests.aboutRedbusTest"/>
  <system-out/>
  <testcase name="values" time="22.679" classname="tests.aboutRedbusTest"/>
  <system-out/>
</testsuite> <!-- tests.aboutRedbusTest -->
