<?xml version="1.0" encoding="UTF-8"?>
<!-- Generated by org.testng.reporters.JUnitReportReporter -->
<testsuite skipped="0" hostname="prakharagarwl01" name="tests.LoginTest" tests="7" failures="0" timestamp="2021-07-05T18:06:32 IST" time="216.919" errors="0">
  <testcase name="validLogin" time="29.983" classname="tests.LoginTest"/>
  <system-out/>
  <testcase name="invalidLoginWithInvalidEmail" time="23.621" classname="tests.LoginTest"/>
  <system-out/>
  <testcase name="invalidLoginWithInvalidPassword" time="23.721" classname="tests.LoginTest"/>
  <system-out/>
  <testcase name="myTripTest" time="32.001" classname="tests.LoginTest"/>
  <system-out/>
  <testcase name="walletCardBalance" time="35.631" classname="tests.LoginTest"/>
  <system-out/>
  <testcase name="walletActivity" time="37.518" classname="tests.LoginTest"/>
  <system-out/>
  <testcase name="validSignout" time="34.444" classname="tests.LoginTest"/>
  <system-out/>
</testsuite> <!-- tests.LoginTest -->
