<?xml version="1.0" encoding="UTF-8"?>
<!-- Generated by org.testng.reporters.JUnitReportReporter -->
<testsuite skipped="0" hostname="prakharagarwl01" name="tests.busHireTest" tests="4" failures="0" timestamp="2021-07-05T18:06:32 IST" time="93.675" errors="0">
  <testcase name="busHireSiteFunctionality" time="16.063" classname="tests.busHireTest"/>
  <system-out/>
  <testcase name="myTripFunctionality" time="25.867" classname="tests.busHireTest"/>
  <system-out/>
  <testcase name="myCancellations" time="26.608" classname="tests.busHireTest"/>
  <system-out/>
  <testcase name="checkOffers" time="25.137" classname="tests.busHireTest"/>
  <system-out/>
</testsuite> <!-- tests.busHireTest -->
