<?xml version="1.0" encoding="UTF-8"?>
<!-- Generated by org.testng.reporters.JUnitReportReporter -->
<testsuite skipped="0" hostname="prakharagarwl01" name="tests.LoginTest" tests="7" failures="0" timestamp="2021-07-05T18:23:32 IST" time="220.933" errors="0">
  <testcase name="validLogin" time="28.644" classname="tests.LoginTest"/>
  <system-out/>
  <testcase name="invalidLoginWithInvalidEmail" time="25.543" classname="tests.LoginTest"/>
  <system-out/>
  <testcase name="invalidLoginWithInvalidPassword" time="27.172" classname="tests.LoginTest"/>
  <system-out/>
  <testcase name="myTripTest" time="32.137" classname="tests.LoginTest"/>
  <system-out/>
  <testcase name="walletCardBalance" time="36.252" classname="tests.LoginTest"/>
  <system-out/>
  <testcase name="walletActivity" time="35.007" classname="tests.LoginTest"/>
  <system-out/>
  <testcase name="validSignout" time="36.178" classname="tests.LoginTest"/>
  <system-out/>
</testsuite> <!-- tests.LoginTest -->
