<?xml version="1.0" encoding="UTF-8"?>
<!-- Generated by org.testng.reporters.JUnitReportReporter -->
<testsuite skipped="0" hostname="prakharagarwl01" name="tests.busHireTest" tests="4" failures="0" timestamp="2021-07-05T18:23:32 IST" time="101.759" errors="0">
  <testcase name="busHireSiteFunctionality" time="20.151" classname="tests.busHireTest"/>
  <system-out/>
  <testcase name="myTripFunctionality" time="26.834" classname="tests.busHireTest"/>
  <system-out/>
  <testcase name="myCancellations" time="27.226" classname="tests.busHireTest"/>
  <system-out/>
  <testcase name="checkOffers" time="27.548" classname="tests.busHireTest"/>
  <system-out/>
</testsuite> <!-- tests.busHireTest -->
