<?xml version="1.0" encoding="UTF-8"?>
<!-- Generated by org.testng.reporters.JUnitReportReporter -->
<testsuite skipped="0" hostname="prakharagarwl01" name="tests.aboutRedbusTest" tests="7" failures="0" timestamp="2021-07-05T18:23:32 IST" time="163.149" errors="0">
  <testcase name="aboutUs" time="23.783" classname="tests.aboutRedbusTest"/>
  <system-out/>
  <testcase name="contactUs" time="22.613" classname="tests.aboutRedbusTest"/>
  <system-out/>
  <testcase name="redBusMobile" time="29.052" classname="tests.aboutRedbusTest"/>
  <system-out/>
  <testcase name="siteMap" time="23.026" classname="tests.aboutRedbusTest"/>
  <system-out/>
  <testcase name="offers" time="24.211" classname="tests.aboutRedbusTest"/>
  <system-out/>
  <testcase name="careers" time="18.284" classname="tests.aboutRedbusTest"/>
  <system-out/>
  <testcase name="values" time="22.180" classname="tests.aboutRedbusTest"/>
  <system-out/>
</testsuite> <!-- tests.aboutRedbusTest -->
