<?xml version="1.0" encoding="UTF-8"?>
<!-- Generated by org.testng.reporters.JUnitReportReporter -->
<testsuite skipped="0" hostname="prakharagarwl01" name="tests.searchBusTicketTest" tests="1" failures="0" timestamp="2021-07-05T21:18:59 IST" time="46.697" errors="0">
  <testcase name="validSearch" time="46.697" classname="tests.searchBusTicketTest"/>
  <system-out/>
</testsuite> <!-- tests.searchBusTicketTest -->
