<?xml version="1.0" encoding="UTF-8"?>
<!-- Generated by org.testng.reporters.JUnitReportReporter -->
<testsuite skipped="0" hostname="prakharagarwl01" name="tests.HomeFunctionalityTest" tests="6" failures="0" timestamp="2021-07-05T18:23:32 IST" time="82.293" errors="0">
  <testcase name="redBusCaresFunctionality" time="18.192" classname="tests.HomeFunctionalityTest"/>
  <system-out/>
  <testcase name="checkHelpOption" time="13.762" classname="tests.HomeFunctionalityTest"/>
  <system-out/>
  <testcase name="checkCancelTicket" time="12.734" classname="tests.HomeFunctionalityTest"/>
  <system-out/>
  <testcase name="checkRescheduleTicket" time="13.266" classname="tests.HomeFunctionalityTest"/>
  <system-out/>
  <testcase name="checkShowTicket" time="11.841" classname="tests.HomeFunctionalityTest"/>
  <system-out/>
  <testcase name="checkMailSMSTicket" time="12.498" classname="tests.HomeFunctionalityTest"/>
  <system-out/>
</testsuite> <!-- tests.HomeFunctionalityTest -->
